[38;5;112m[Appium][0m Welcome to Appium v2.11.3
[38;5;112m[Appium][0m Non-default server args:
[38;5;112m[Appium][0m { basePath: [32m'/wd/hub'[39m, loglevel: [32m'info'[39m, port: [33m51854[39m }
[38;5;112m[Appium][0m Attempting to load driver uiautomator2...
[38;5;112m[Appium][0m Appium REST http interface listener started on http://0.0.0.0:51854/wd/hub
[38;5;112m[Appium][0m You can provide the following URLs in your client code to connect to this server:
	http://10.21.110.73:51854/wd/hub
	http://127.0.0.1:51854/wd/hub (only accessible from the same host)
[38;5;112m[Appium][0m Available drivers:
[38;5;112m[Appium][0m   - uiautomator2@3.7.6 (automationName 'UiAutomator2')
[38;5;112m[Appium][0m No plugins have been installed. Use the "appium plugin" command to install the one(s) you want to use.
[38;5;86m[HTTP][0m [37m-->[39m [37mGET[39m [37m/wd/hub/status[39m [90m{}[39m
[38;5;86m[HTTP][0m [37m<-- GET /wd/hub/status [39m[32m200[39m [90m8 ms - 111[39m [90m[39m
[38;5;86m[HTTP][0m [37m-->[39m [37mGET[39m [37m/wd/hub/status[39m [90m{}[39m
[38;5;86m[HTTP][0m [37m<-- GET /wd/hub/status [39m[32m200[39m [90m2 ms - 111[39m [90m[39m
[38;5;86m[HTTP][0m [37m-->[39m [37mPOST[39m [37m/wd/hub/session[39m [90m{"desiredCapabilities":{"appium:systemPort":51880,"appium:newCommandTimeout":1800,"appium:automationName":"uiautomator2","appium:fullReset":false,"appium:platformVersion":"15","appium:deviceId":"emulator-5554","appium:noReset":true,"appium:udid":"emulator-5554","appium:autoGrantPermissions":true,"appium:platformName":"ANDROID","appium:AppWaitActivity":"*","appium:deviceName":"emulator-5554 (sdk_gphone64_x86_64 - Android 15)","platformName":"Android","appium:app":"C:\\Users\\user.pupuk\\Katalon Studio\\mobile-testing\\Apk\\Solodroid_E-CommerceApp Demo_3.2.0.apk"},"capabilities":{"firstMatch":[{"appium:AppWaitActivity":"*","appium:app":"C:\\Users\\user.pupuk\\Katalon Studio\\mobile-testing\\Apk\\Solodroid_E-CommerceApp Demo_3.2.0.apk","appium:autoGrantPermissions":true,"appium:automationName":"uiautomator2","appium:deviceId":"emulator-5554","appium:deviceName":"emulator-5554 (sdk_gphone64_x86_64 - Android 15)","appium:fullReset":false,"appium:newCommandTimeout":1800,"appium:noReset":true,"appium:platformName...[39m
[38;5;123m[BaseDriver][0m Ignoring capability 'appium:platformName=ANDROID' and using capability 'platformName=android'
[38;5;123m[BaseDriver][0m The capabilities ["platformName"] are standard capabilities and do not require "appium:" prefix
[38;5;112m[Appium][0m Attempting to find matching driver for automationName 'uiautomator2' and platformName 'android'
[38;5;112m[Appium][0m The 'uiautomator2' driver was installed and matched caps.
[38;5;112m[Appium][0m Will require it at C:\Users\user.pupuk\.appium\node_modules\appium-uiautomator2-driver
[38;5;122m[AppiumDriver@305f][0m Appium v2.11.3 creating new AndroidUiautomator2Driver (v3.7.6) session
[38;5;122m[AppiumDriver@305f][0m Checking BaseDriver versions for Appium and AndroidUiautomator2Driver
[38;5;122m[AppiumDriver@305f][0m Appium's BaseDriver version is 9.11.3
[38;5;122m[AppiumDriver@305f][0m AndroidUiautomator2Driver's BaseDriver version is 9.11.3
[38;5;-123m[AndroidUiautomator2Driver@6565][0m The following provided capabilities were not recognized by this driver:
[38;5;-123m[AndroidUiautomator2Driver@6565][0m   AppWaitActivity
[38;5;-123m[AndroidUiautomator2Driver@6565][0m   deviceId
[38;5;213m[1a936a68][0m[38;5;-123m[AndroidUiautomator2Driver@6565][0m Session created with session id: 1a936a68-dafa-4b54-a9b2-b7bc6edf751c
[38;5;213m[1a936a68][0m[38;5;229m[ADB][0m Found 1 'build-tools' folders under 'C:\Users\user.pupuk\AppData\Local\Android\Sdk' (newest first):
[38;5;213m[1a936a68][0m[38;5;229m[ADB][0m     C:\Users\user.pupuk\AppData\Local\Android\Sdk\build-tools\35.0.0
[38;5;213m[1a936a68][0m[38;5;229m[ADB][0m Using 'adb.exe' from 'C:\Users\user.pupuk\AppData\Local\Android\Sdk\platform-tools\adb.exe'
[38;5;213m[1a936a68][0m[38;5;-123m[AndroidUiautomator2Driver@6565][0m Retrieving device list
[38;5;213m[1a936a68][0m[38;5;-123m[AndroidUiautomator2Driver@6565][0m Using device: emulator-5554
[38;5;213m[1a936a68][0m[38;5;229m[ADB][0m Using 'adb.exe' from 'C:\Users\user.pupuk\AppData\Local\Android\Sdk\platform-tools\adb.exe'
[38;5;213m[1a936a68][0m[38;5;123m[BaseDriver][0m Using local app 'C:\Users\user.pupuk\Katalon Studio\mobile-testing\Apk\Solodroid_E-CommerceApp Demo_3.2.0.apk'
[38;5;213m[1a936a68][0m[38;5;229m[ADB][0m Getting device platform version
[38;5;213m[1a936a68][0m[38;5;-123m[AndroidUiautomator2Driver@6565][0m Relaxing hidden api policy
[38;5;213m[1a936a68][0m[38;5;229m[ADB][0m Using 'aapt2.exe' from 'C:\Users\user.pupuk\AppData\Local\Android\Sdk\build-tools\35.0.0\aapt2.exe'
[38;5;213m[1a936a68][0m[38;5;229m[ADB][0m Package name: 'com.solodroid.solomerce'
[38;5;213m[1a936a68][0m[38;5;229m[ADB][0m Main activity name: 'com.solodroid.solomerce.activities.ActivitySplash'
[38;5;213m[1a936a68][0m[38;5;229m[ADB][0m The application at 'C:\Users\user.pupuk\.appium\node_modules\appium-uiautomator2-driver\node_modules\io.appium.settings\apks\settings_apk-debug.apk' will not be cached, because the device under test has confirmed the support of streamed installs
[38;5;213m[1a936a68][0m[38;5;229m[ADB][0m The installation of 'settings_apk-debug.apk' took 545ms
[38;5;213m[1a936a68][0m[38;5;-123m[AndroidUiautomator2Driver@6565][0m Server packages are going to be (re)installed
[38;5;213m[1a936a68][0m[38;5;229m[ADB][0m Using 'apksigner.jar' from 'C:\Users\user.pupuk\AppData\Local\Android\Sdk\build-tools\35.0.0\lib\apksigner.jar'
[38;5;213m[1a936a68][0m[38;5;229m[ADB][0m The application at 'C:\Users\user.pupuk\.appium\node_modules\appium-uiautomator2-driver\node_modules\appium-uiautomator2-server\apks\appium-uiautomator2-server-v7.0.21.apk' will not be cached, because the device under test has confirmed the support of streamed installs
[38;5;213m[1a936a68][0m[38;5;229m[ADB][0m The application at 'C:\Users\user.pupuk\.appium\node_modules\appium-uiautomator2-driver\node_modules\appium-uiautomator2-server\apks\appium-uiautomator2-server-debug-androidTest.apk' will not be cached, because the device under test has confirmed the support of streamed installs
[38;5;213m[1a936a68][0m[38;5;229m[ADB][0m 'C:\Users\user.pupuk\Katalon Studio\mobile-testing\Apk\Solodroid_E-CommerceApp Demo_3.2.0.apk' is signed with a non-default certificate
[38;5;213m[1a936a68][0m[38;5;229m[ADB][0m The application at 'C:\Users\user.pupuk\Katalon Studio\mobile-testing\Apk\Solodroid_E-CommerceApp Demo_3.2.0.apk' will not be cached, because the device under test has confirmed the support of streamed installs
[38;5;213m[1a936a68][0m[38;5;229m[ADB][0m The installation of 'appium-uiautomator2-server-debug-androidTest.apk' took 2386ms
[38;5;213m[1a936a68][0m[38;5;229m[ADB][0m The installation of 'appium-uiautomator2-server-v7.0.21.apk' took 3601ms
[38;5;213m[1a936a68][0m[38;5;229m[ADB][0m Adding packages ["io.appium.settings","io.appium.uiautomator2.server","io.appium.uiautomator2.server.test"] to Doze whitelist
[38;5;213m[1a936a68][0m[38;5;229m[ADB][0m The installation of 'Solodroid_E-CommerceApp Demo_3.2.0.apk' took 4899ms
[38;5;213m[1a936a68][0m[38;5;-123m[AndroidUiautomator2Driver@6565][0m Starting UIAutomator2 server 7.0.21
[38;5;213m[1a936a68][0m[38;5;-123m[AndroidUiautomator2Driver@6565][0m Using UIAutomator2 server from 'C:\Users\user.pupuk\.appium\node_modules\appium-uiautomator2-driver\node_modules\appium-uiautomator2-server\apks\appium-uiautomator2-server-v7.0.21.apk' and test from 'C:\Users\user.pupuk\.appium\node_modules\appium-uiautomator2-driver\node_modules\appium-uiautomator2-server\apks\appium-uiautomator2-server-debug-androidTest.apk'
[38;5;213m[1a936a68][0m[38;5;-123m[AndroidUiautomator2Driver@6565][0m Waiting up to 30000ms for UiAutomator2 to be online...
[38;5;213m[1a936a68][0m[38;5;-123m[AndroidUiautomator2Driver@6565][0m socket hang up
[38;5;213m[1a936a68][0m[38;5;-123m[AndroidUiautomator2Driver@6565][0m socket hang up
[38;5;213m[1a936a68][0m[38;5;-123m[AndroidUiautomator2Driver@6565][0m socket hang up
[38;5;213m[1a936a68][0m[38;5;-123m[AndroidUiautomator2Driver@6565][0m socket hang up
[38;5;213m[1a936a68][0m[38;5;-123m[AndroidUiautomator2Driver@6565][0m Determined the downstream protocol as 'W3C'
[38;5;213m[1a936a68][0m[38;5;-123m[AndroidUiautomator2Driver@6565][0m Screen already unlocked, doing nothing
[38;5;213m[1a936a68][0m[38;5;-123m[AndroidUiautomator2Driver@6565][0m Starting 'com.solodroid.solomerce/com.solodroid.solomerce.activities.ActivitySplash and waiting for 'com.solodroid.solomerce/com.solodroid.solomerce.activities.ActivitySplash'
[38;5;213m[1a936a68][0m[38;5;122m[AppiumDriver@305f][0m New AndroidUiautomator2Driver session created successfully, session 1a936a68-dafa-4b54-a9b2-b7bc6edf751c added to master session list
[38;5;213m[1a936a68][0m[38;5;86m[HTTP][0m [37m<-- POST /wd/hub/session [39m[32m200[39m [90m20479 ms - 1419[39m [90m[39m
[38;5;213m[1a936a68][0m[38;5;86m[HTTP][0m [37m-->[39m [37mGET[39m [37m/wd/hub/session/1a936a68-dafa-4b54-a9b2-b7bc6edf751c[39m [90m{}[39m
[38;5;213m[1a936a68][0m[38;5;86m[HTTP][0m [37m<-- GET /wd/hub/session/1a936a68-dafa-4b54-a9b2-b7bc6edf751c [39m[32m200[39m [90m263 ms - 461[39m [90m[39m
[38;5;213m[1a936a68][0m[38;5;86m[HTTP][0m [37m-->[39m [37mGET[39m [37m/wd/hub/session/1a936a68-dafa-4b54-a9b2-b7bc6edf751c[39m [90m{}[39m
[38;5;213m[1a936a68][0m[38;5;86m[HTTP][0m [37m<-- GET /wd/hub/session/1a936a68-dafa-4b54-a9b2-b7bc6edf751c [39m[32m200[39m [90m51 ms - 461[39m [90m[39m
[38;5;86m[HTTP][0m [37m-->[39m [37mGET[39m [37m/wd/hub/status[39m [90m{}[39m
[38;5;86m[HTTP][0m [37m<-- GET /wd/hub/status [39m[32m200[39m [90m1 ms - 111[39m [90m[39m
[38;5;213m[1a936a68][0m[38;5;86m[HTTP][0m [37m-->[39m [37mPOST[39m [37m/wd/hub/session/1a936a68-dafa-4b54-a9b2-b7bc6edf751c/timeouts[39m [90m{"implicit":60000}[39m
[38;5;213m[1a936a68][0m[38;5;86m[HTTP][0m [37m<-- POST /wd/hub/session/1a936a68-dafa-4b54-a9b2-b7bc6edf751c/timeouts [39m[32m200[39m [90m5 ms - 14[39m [90m[39m
[38;5;213m[1a936a68][0m[38;5;86m[HTTP][0m [37m-->[39m [37mGET[39m [37m/wd/hub/session/1a936a68-dafa-4b54-a9b2-b7bc6edf751c/source[39m [90m{}[39m
[38;5;213m[1a936a68][0m[38;5;-123m[AndroidUiautomator2Driver@6565][0m Driver proxy active, passing request on via HTTP proxy
[38;5;213m[1a936a68][0m[38;5;-123m[AndroidUiautomator2Driver@6565][0m Replacing sessionId 76b17f9c-5956-4abd-8e4f-a52112346110 with 1a936a68-dafa-4b54-a9b2-b7bc6edf751c
[38;5;213m[1a936a68][0m[38;5;86m[HTTP][0m [37m<-- GET /wd/hub/session/1a936a68-dafa-4b54-a9b2-b7bc6edf751c/source [39m[32m200[39m [90m1786 ms - 1431[39m [90m[39m
[38;5;213m[1a936a68][0m[38;5;86m[HTTP][0m [37m-->[39m [37mGET[39m [37m/wd/hub/session/1a936a68-dafa-4b54-a9b2-b7bc6edf751c/screenshot[39m [90m{}[39m
[38;5;213m[1a936a68][0m[38;5;86m[HTTP][0m [37m<-- GET /wd/hub/session/1a936a68-dafa-4b54-a9b2-b7bc6edf751c/screenshot [39m[32m200[39m [90m2204 ms - 78360[39m [90m[39m
[38;5;213m[1a936a68][0m[38;5;86m[HTTP][0m [37m-->[39m [37mGET[39m [37m/wd/hub/session/1a936a68-dafa-4b54-a9b2-b7bc6edf751c/source[39m [90m{}[39m
[38;5;213m[1a936a68][0m[38;5;-123m[AndroidUiautomator2Driver@6565][0m Driver proxy active, passing request on via HTTP proxy
[38;5;213m[1a936a68][0m[38;5;-123m[AndroidUiautomator2Driver@6565][0m Replacing sessionId 76b17f9c-5956-4abd-8e4f-a52112346110 with 1a936a68-dafa-4b54-a9b2-b7bc6edf751c
[38;5;213m[1a936a68][0m[38;5;86m[HTTP][0m [37m<-- GET /wd/hub/session/1a936a68-dafa-4b54-a9b2-b7bc6edf751c/source [39m[32m200[39m [90m205 ms - 34516[39m [90m[39m
[38;5;213m[1a936a68][0m[38;5;86m[HTTP][0m [37m-->[39m [37mGET[39m [37m/wd/hub/session/1a936a68-dafa-4b54-a9b2-b7bc6edf751c/screenshot[39m [90m{}[39m
[38;5;213m[1a936a68][0m[38;5;86m[HTTP][0m [37m<-- GET /wd/hub/session/1a936a68-dafa-4b54-a9b2-b7bc6edf751c/screenshot [39m[32m200[39m [90m1159 ms - 1938032[39m [90m[39m
[38;5;213m[1a936a68][0m[38;5;-123m[AndroidUiautomator2Driver@6565][0m Shutting down because we waited 1800 seconds for a command
[38;5;213m[1a936a68][0m[38;5;122m[AppiumDriver@305f][0m Ending session, cause was 'New Command Timeout of 1800 seconds expired. Try customizing the timeout using the 'newCommandTimeout' desired capability'
[38;5;213m[1a936a68][0m[38;5;122m[AppiumDriver@305f][0m Removing session '1a936a68-dafa-4b54-a9b2-b7bc6edf751c' from our master session list
[38;5;213m[1a936a68][0m[38;5;-123m[AndroidUiautomator2Driver@6565][0m Restoring hidden api policy to the device default configuration
[38;5;213m[1a936a68][0m[38;5;86m[HTTP][0m [37m-->[39m [37mGET[39m [37m/wd/hub/session/1a936a68-dafa-4b54-a9b2-b7bc6edf751c/source[39m [90m{}[39m
[38;5;213m[1a936a68][0m[38;5;86m[HTTP][0m [37m<-- GET /wd/hub/session/1a936a68-dafa-4b54-a9b2-b7bc6edf751c/source [39m[33m404[39m [90m125 ms - 3341[39m [90m[39m
[38;5;213m[1a936a68][0m[38;5;86m[HTTP][0m [37m-->[39m [37mGET[39m [37m/wd/hub/session/1a936a68-dafa-4b54-a9b2-b7bc6edf751c/screenshot[39m [90m{}[39m
[38;5;213m[1a936a68][0m[38;5;86m[HTTP][0m [37m<-- GET /wd/hub/session/1a936a68-dafa-4b54-a9b2-b7bc6edf751c/screenshot [39m[33m404[39m [90m4 ms - 3341[39m [90m[39m
[38;5;213m[1a936a68][0m[38;5;86m[HTTP][0m [37m-->[39m [37mGET[39m [37m/wd/hub/session/1a936a68-dafa-4b54-a9b2-b7bc6edf751c/source[39m [90m{}[39m
[38;5;213m[1a936a68][0m[38;5;86m[HTTP][0m [37m<-- GET /wd/hub/session/1a936a68-dafa-4b54-a9b2-b7bc6edf751c/source [39m[33m404[39m [90m2 ms - 3341[39m [90m[39m
[38;5;213m[1a936a68][0m[38;5;86m[HTTP][0m [37m-->[39m [37mGET[39m [37m/wd/hub/session/1a936a68-dafa-4b54-a9b2-b7bc6edf751c/screenshot[39m [90m{}[39m
[38;5;213m[1a936a68][0m[38;5;86m[HTTP][0m [37m<-- GET /wd/hub/session/1a936a68-dafa-4b54-a9b2-b7bc6edf751c/screenshot [39m[33m404[39m [90m3 ms - 3341[39m [90m[39m
[38;5;213m[1a936a68][0m[38;5;86m[HTTP][0m [37m-->[39m [37mGET[39m [37m/wd/hub/session/1a936a68-dafa-4b54-a9b2-b7bc6edf751c/source[39m [90m{}[39m
[38;5;213m[1a936a68][0m[38;5;86m[HTTP][0m [37m<-- GET /wd/hub/session/1a936a68-dafa-4b54-a9b2-b7bc6edf751c/source [39m[33m404[39m [90m22 ms - 3341[39m [90m[39m
[38;5;213m[1a936a68][0m[38;5;86m[HTTP][0m [37m-->[39m [37mGET[39m [37m/wd/hub/session/1a936a68-dafa-4b54-a9b2-b7bc6edf751c/screenshot[39m [90m{}[39m
[38;5;213m[1a936a68][0m[38;5;86m[HTTP][0m [37m<-- GET /wd/hub/session/1a936a68-dafa-4b54-a9b2-b7bc6edf751c/screenshot [39m[33m404[39m [90m4 ms - 3341[39m [90m[39m
[38;5;213m[1a936a68][0m[38;5;86m[HTTP][0m [37m-->[39m [37mGET[39m [37m/wd/hub/session/1a936a68-dafa-4b54-a9b2-b7bc6edf751c/source[39m [90m{}[39m
[38;5;213m[1a936a68][0m[38;5;86m[HTTP][0m [37m<-- GET /wd/hub/session/1a936a68-dafa-4b54-a9b2-b7bc6edf751c/source [39m[33m404[39m [90m6 ms - 3341[39m [90m[39m
[38;5;213m[1a936a68][0m[38;5;86m[HTTP][0m [37m-->[39m [37mGET[39m [37m/wd/hub/session/1a936a68-dafa-4b54-a9b2-b7bc6edf751c/screenshot[39m [90m{}[39m
[38;5;213m[1a936a68][0m[38;5;86m[HTTP][0m [37m<-- GET /wd/hub/session/1a936a68-dafa-4b54-a9b2-b7bc6edf751c/screenshot [39m[33m404[39m [90m5 ms - 3341[39m [90m[39m
[38;5;213m[1a936a68][0m[38;5;86m[HTTP][0m [37m-->[39m [37mGET[39m [37m/wd/hub/session/1a936a68-dafa-4b54-a9b2-b7bc6edf751c/source[39m [90m{}[39m
[38;5;213m[1a936a68][0m[38;5;86m[HTTP][0m [37m<-- GET /wd/hub/session/1a936a68-dafa-4b54-a9b2-b7bc6edf751c/source [39m[33m404[39m [90m27 ms - 3341[39m [90m[39m
[38;5;213m[1a936a68][0m[38;5;86m[HTTP][0m [37m-->[39m [37mGET[39m [37m/wd/hub/session/1a936a68-dafa-4b54-a9b2-b7bc6edf751c/screenshot[39m [90m{}[39m
[38;5;213m[1a936a68][0m[38;5;86m[HTTP][0m [37m<-- GET /wd/hub/session/1a936a68-dafa-4b54-a9b2-b7bc6edf751c/screenshot [39m[33m404[39m [90m4 ms - 3341[39m [90m[39m
[38;5;213m[1a936a68][0m[38;5;86m[HTTP][0m [37m-->[39m [37mGET[39m [37m/wd/hub/session/1a936a68-dafa-4b54-a9b2-b7bc6edf751c/source[39m [90m{}[39m
[38;5;213m[1a936a68][0m[38;5;86m[HTTP][0m [37m<-- GET /wd/hub/session/1a936a68-dafa-4b54-a9b2-b7bc6edf751c/source [39m[33m404[39m [90m27 ms - 3341[39m [90m[39m
[38;5;213m[1a936a68][0m[38;5;86m[HTTP][0m [37m-->[39m [37mGET[39m [37m/wd/hub/session/1a936a68-dafa-4b54-a9b2-b7bc6edf751c/screenshot[39m [90m{}[39m
[38;5;213m[1a936a68][0m[38;5;86m[HTTP][0m [37m<-- GET /wd/hub/session/1a936a68-dafa-4b54-a9b2-b7bc6edf751c/screenshot [39m[33m404[39m [90m3 ms - 3341[39m [90m[39m
[38;5;213m[1a936a68][0m[38;5;86m[HTTP][0m [37m-->[39m [37mDELETE[39m [37m/wd/hub/session/1a936a68-dafa-4b54-a9b2-b7bc6edf751c[39m [90m{}[39m
[38;5;213m[1a936a68][0m[38;5;86m[HTTP][0m [37m<-- DELETE /wd/hub/session/1a936a68-dafa-4b54-a9b2-b7bc6edf751c [39m[33m404[39m [90m61 ms - 3194[39m [90m[39m
